<?xml version="1.0" encoding="UTF-8"?>
<!-- Generated by org.testng.reporters.JUnitReportReporter -->
<testsuite hostname="c29e1691354d" failures="0" tests="9" name="com.test.VendorPortalTest" time="59.398" errors="0" timestamp="2024-01-31T03:45:47 GMT" skipped="0">
  <testcase classname="com.test.VendorPortalTest" name="login" time="5.957"/>
  <testcase classname="com.test.VendorPortalTest" name="dashboardTest" time="7.519"/>
  <testcase classname="com.test.VendorPortalTest" name="logoutTest" time="6.302"/>
  <testcase classname="com.test.VendorPortalTest" name="logoutTest" time="6.179"/>
  <testcase classname="com.test.VendorPortalTest" name="login" time="6.012"/>
  <testcase classname="com.test.VendorPortalTest" name="dashboardTest" time="7.540"/>
  <testcase classname="com.test.VendorPortalTest" name="login" time="6.187"/>
  <testcase classname="com.test.VendorPortalTest" name="logoutTest" time="6.241"/>
  <testcase classname="com.test.VendorPortalTest" name="dashboardTest" time="7.461"/>
</testsuite> <!-- com.test.VendorPortalTest -->
